<?xml version="1.0" encoding="UTF-8"?>
<testng-results skipped="0" failed="0" total="1" passed="1">
  <reporter-output>
  </reporter-output>
  <suite name="Suite-1" duration-ms="64572" started-at="2014-11-06T10:38:29Z" finished-at="2014-11-06T10:39:34Z">
    <groups>
    </groups>
    <test name="class-1" duration-ms="64572" started-at="2014-11-06T10:38:29Z" finished-at="2014-11-06T10:39:34Z">
      <class name="com.company.testclasses.GoogleTest">
        <test-method status="PASS" signature="beforeTest()[pri:0, instance:com.company.testclasses.GoogleTest@68da4b71]" name="beforeTest" is-config="true" duration-ms="54300" started-at="2014-11-06T16:08:29Z" finished-at="2014-11-06T16:09:23Z">
          <reporter-output>
          </reporter-output>
        </test-method> <!-- beforeTest -->
        <test-method status="PASS" signature="t()[pri:0, instance:com.company.testclasses.GoogleTest@68da4b71]" name="t" duration-ms="10022" started-at="2014-11-06T16:09:23Z" finished-at="2014-11-06T16:09:34Z">
          <reporter-output>
          </reporter-output>
        </test-method> <!-- t -->
        <test-method status="PASS" signature="at()[pri:0, instance:com.company.testclasses.GoogleTest@68da4b71]" name="at" is-config="true" duration-ms="238" started-at="2014-11-06T16:09:34Z" finished-at="2014-11-06T16:09:34Z">
          <reporter-output>
          </reporter-output>
        </test-method> <!-- at -->
      </class> <!-- com.company.testclasses.GoogleTest -->
    </test> <!-- class-1 -->
  </suite> <!-- Suite-1 -->
</testng-results>
